Loading required package: mlr3
Loading required package: phyloseq
+ starting create.label
Label used as case:
   CRC
Label used as control:
   control
+ finished create.label.from.metadata in 0.007 s
+ starting validate.data
+++ checking overlap between labels and features
+ Keeping labels of 100 sample(s).
+ Removed 560 samples from the label object...
+++ checking sample number per class
+++ checking overlap between samples and metadata
+ finished validate.data in 0.06 s
+ starting create.label
Label used as case:
   CRC
Label used as control:
   control
+ finished create.label.from.metadata in 0.004 s
+ starting validate.data
+++ checking overlap between labels and features
+ Keeping labels of 100 sample(s).
+ Removed 560 samples from the label object...
+++ checking sample number per class
+++ checking overlap between samples and metadata
+ finished validate.data in 0.053 s
+ starting create.label
Label used as case:
   CRC
Label used as control:
   control
+ finished create.label.from.metadata in 0.003 s
+ starting validate.data
+++ checking overlap between labels and features
+ Keeping labels of 200 sample(s).
+++ checking sample number per class
+++ checking overlap between samples and metadata
+ finished validate.data in 0.041 s
Features successfully filtered
Features normalized successfully.
Features splitted for cross-validation successfully.
Trained lasso models successfully.
Made predictions successfully.
Evaluated predictions successfully.
cross-validation of fd:
siamcat-class object
label()                Label object:         100 control and 100 CRC samples
filt_feat()            Filtered features:    361 features after abundance filtering
norm_feat()            Normalized features:  361 features normalized using log.std
data_split()           Data split:           10 cv rounds with 10 folds
model_list()           Model list:           100 lasso models
feature_weights()      Feature weights:      Summary of feature weights [ see also weight_matrix() ]
pred_matrix()          Prediction matrix:    Predictions for 200 samples from 10 cv rounds
eval_data()            Evaluation data:      Average AUC: 0.665

contains phyloseq-class experiment-level object @phyloseq:
phyloseq@otu_table()   OTU Table:            [ 401 taxa and 200 samples ]
phyloseq@sam_data()    Sample Data:          [ 200 samples by 1 sample variables ]
fd_predict_oGZ:
+ starting validate.data
+++ checking overlap between labels and features
+ Keeping labels of 293 sample(s).
+ finished validate.data in 0.019 s
Features normalized successfully.
Made predictions successfully.
Warning message:
In validate.label(label, feat, meta, case, control, verbose) :
  No label information given! Generating SIAMCAT object with placeholder label!
	This SIAMCAT object is not suitable for the complete workflow...
   Min. 1st Qu.  Median    Mean 3rd Qu.    Max. 
 0.7440  0.8285  0.8464  0.8438  0.8635  0.9010 
fd_predict_yGZ:
+ starting validate.data
+++ checking overlap between labels and features
+ Keeping labels of 167 sample(s).
+ finished validate.data in 0.014 s
Features normalized successfully.
Made predictions successfully.
Warning message:
In validate.label(label, feat, meta, case, control, verbose) :
  No label information given! Generating SIAMCAT object with placeholder label!
	This SIAMCAT object is not suitable for the complete workflow...
   Min. 1st Qu.  Median    Mean 3rd Qu.    Max. 
 0.8443  0.8847  0.8982  0.9000  0.9162  0.9521 
Features successfully filtered
Features normalized successfully.
Features splitted for cross-validation successfully.
Trained lasso models successfully.
cross-validation of oFD_model:
Made predictions successfully.
Evaluated predictions successfully.
siamcat-class object
label()                Label object:         50 control and 50 CRC samples
filt_feat()            Filtered features:    357 features after abundance filtering
norm_feat()            Normalized features:  357 features normalized using log.std
data_split()           Data split:           100 cv rounds with 10 folds
model_list()           Model list:           1000 lasso models
feature_weights()      Feature weights:      Summary of feature weights [ see also weight_matrix() ]
pred_matrix()          Prediction matrix:    Predictions for 100 samples from 100 cv rounds
eval_data()            Evaluation data:      Average AUC: 0.753

contains phyloseq-class experiment-level object @phyloseq:
phyloseq@otu_table()   OTU Table:            [ 401 taxa and 100 samples ]
phyloseq@sam_data()    Sample Data:          [ 100 samples by 1 sample variables ]
oFD_predict_yFD:
Features normalized successfully.
Made predictions successfully.
Evaluated predictions successfully.
siamcat-class object
label()                Label object:         50 control and 50 CRC samples
norm_feat()            Normalized features:  357 features normalized using log.std
pred_matrix()          Prediction matrix:    Predictions for 100 samples from 1000 cv rounds
eval_data()            Evaluation data:      Average AUC: 0.624

contains phyloseq-class experiment-level object @phyloseq:
phyloseq@otu_table()   OTU Table:            [ 401 taxa and 100 samples ]
phyloseq@sam_data()    Sample Data:          [ 100 samples by 1 sample variables ]
oFD_predict_oGZ:
+ starting validate.data
+++ checking overlap between labels and features
+ Keeping labels of 293 sample(s).
+ finished validate.data in 0.022 s
Features normalized successfully.
Made predictions successfully.
Warning message:
In validate.label(label, feat, meta, case, control, verbose) :
  No label information given! Generating SIAMCAT object with placeholder label!
	This SIAMCAT object is not suitable for the complete workflow...
   Min. 1st Qu.  Median    Mean 3rd Qu.    Max. 
 0.6997  0.7952  0.8123  0.8125  0.8294  0.8908 
oFD_predict_yGZ:
+ starting validate.data
+++ checking overlap between labels and features
+ Keeping labels of 167 sample(s).
+ finished validate.data in 0.022 s
Features normalized successfully.
Made predictions successfully.
Warning message:
In validate.label(label, feat, meta, case, control, verbose) :
  No label information given! Generating SIAMCAT object with placeholder label!
	This SIAMCAT object is not suitable for the complete workflow...
   Min. 1st Qu.  Median    Mean 3rd Qu.    Max. 
 0.6228  0.7725  0.7964  0.7933  0.8204  0.8802 
Features successfully filtered
Features normalized successfully.
Features splitted for cross-validation successfully.
Trained lasso models successfully.
cross-validation of yFD_model:
Made predictions successfully.
Evaluated predictions successfully.
siamcat-class object
label()                Label object:         50 control and 50 CRC samples
filt_feat()            Filtered features:    335 features after abundance filtering
norm_feat()            Normalized features:  335 features normalized using log.std
data_split()           Data split:           100 cv rounds with 10 folds
model_list()           Model list:           1000 lasso models
feature_weights()      Feature weights:      Summary of feature weights [ see also weight_matrix() ]
pred_matrix()          Prediction matrix:    Predictions for 100 samples from 100 cv rounds
eval_data()            Evaluation data:      Average AUC: 0.616

contains phyloseq-class experiment-level object @phyloseq:
phyloseq@otu_table()   OTU Table:            [ 401 taxa and 100 samples ]
phyloseq@sam_data()    Sample Data:          [ 100 samples by 1 sample variables ]
yFD_predict_oFD:
Features normalized successfully.
Made predictions successfully.
Evaluated predictions successfully.
siamcat-class object
label()                Label object:         50 control and 50 CRC samples
norm_feat()            Normalized features:  335 features normalized using log.std
pred_matrix()          Prediction matrix:    Predictions for 100 samples from 1000 cv rounds
eval_data()            Evaluation data:      Average AUC: 0.726

contains phyloseq-class experiment-level object @phyloseq:
phyloseq@otu_table()   OTU Table:            [ 401 taxa and 100 samples ]
phyloseq@sam_data()    Sample Data:          [ 100 samples by 1 sample variables ]
yFD_predict_oGZ:
+ starting validate.data
+++ checking overlap between labels and features
+ Keeping labels of 293 sample(s).
+ finished validate.data in 0.025 s
Features normalized successfully.
Made predictions successfully.
Warning message:
In validate.label(label, feat, meta, case, control, verbose) :
  No label information given! Generating SIAMCAT object with placeholder label!
	This SIAMCAT object is not suitable for the complete workflow...
   Min. 1st Qu.  Median    Mean 3rd Qu.    Max. 
 0.7406  0.8123  0.8362  0.8324  0.8532  0.9283 
yFD_predict_yGZ:
+ starting validate.data
+++ checking overlap between labels and features
+ Keeping labels of 167 sample(s).
+ finished validate.data in 0.017 s
Features normalized successfully.
Made predictions successfully.
Warning message:
In validate.label(label, feat, meta, case, control, verbose) :
  No label information given! Generating SIAMCAT object with placeholder label!
	This SIAMCAT object is not suitable for the complete workflow...
   Min. 1st Qu.  Median    Mean 3rd Qu.    Max. 
 0.7485  0.8383  0.8623  0.8589  0.8802  0.9401 
Successfully plotted model interpretation plot to: interpretation_fd_model.pdf
Warning message:
In model.interpretation.select.features(feature.weights = feature.weights,  :
  WARNING: restricting amount of features to be plotted to 50
Successfully plotted model interpretation plot to: interpretation_yFD_model.pdf
Successfully plotted model interpretation plot to: interpretation_oFD_model.pdf
