Growing trees.. Progress: 40%. Estimated remaining time: 46 seconds.
Growing trees.. Progress: 83%. Estimated remaining time: 13 seconds.

pub predict oGuangzhou:
classif.ce 
 0.9044369 

pub predict yGuangzhou:
classif.ce 
 0.9041916 

AUC of 10-fold cross validation for pub_fd:
INFO  [20:25:04.939] [mlr3] Applying learner 'classif.ranger' on task 'pub_fd' (iter 1/10)
Growing trees.. Progress: 51%. Estimated remaining time: 29 seconds.
Growing trees.. Progress: 97%. Estimated remaining time: 1 seconds.
INFO  [20:26:18.551] [mlr3] Applying learner 'classif.ranger' on task 'pub_fd' (iter 2/10)
Growing trees.. Progress: 44%. Estimated remaining time: 39 seconds.
Growing trees.. Progress: 92%. Estimated remaining time: 5 seconds.
INFO  [20:27:34.472] [mlr3] Applying learner 'classif.ranger' on task 'pub_fd' (iter 3/10)
Growing trees.. Progress: 48%. Estimated remaining time: 32 seconds.
Growing trees.. Progress: 93%. Estimated remaining time: 4 seconds.
INFO  [20:28:48.962] [mlr3] Applying learner 'classif.ranger' on task 'pub_fd' (iter 4/10)
Growing trees.. Progress: 50%. Estimated remaining time: 31 seconds.
Growing trees.. Progress: 99%. Estimated remaining time: 0 seconds.
INFO  [20:30:00.638] [mlr3] Applying learner 'classif.ranger' on task 'pub_fd' (iter 5/10)
Growing trees.. Progress: 46%. Estimated remaining time: 37 seconds.
Growing trees.. Progress: 93%. Estimated remaining time: 4 seconds.
INFO  [20:31:15.268] [mlr3] Applying learner 'classif.ranger' on task 'pub_fd' (iter 6/10)
Growing trees.. Progress: 49%. Estimated remaining time: 31 seconds.
INFO  [20:32:25.722] [mlr3] Applying learner 'classif.ranger' on task 'pub_fd' (iter 7/10)
Growing trees.. Progress: 45%. Estimated remaining time: 38 seconds.
Growing trees.. Progress: 92%. Estimated remaining time: 5 seconds.
INFO  [20:33:41.003] [mlr3] Applying learner 'classif.ranger' on task 'pub_fd' (iter 8/10)
Growing trees.. Progress: 43%. Estimated remaining time: 40 seconds.
Growing trees.. Progress: 91%. Estimated remaining time: 6 seconds.
INFO  [20:34:59.134] [mlr3] Applying learner 'classif.ranger' on task 'pub_fd' (iter 9/10)
Growing trees.. Progress: 47%. Estimated remaining time: 34 seconds.
Growing trees.. Progress: 96%. Estimated remaining time: 2 seconds.
INFO  [20:36:12.387] [mlr3] Applying learner 'classif.ranger' on task 'pub_fd' (iter 10/10)
Growing trees.. Progress: 50%. Estimated remaining time: 31 seconds.
Growing trees.. Progress: 98%. Estimated remaining time: 1 seconds.
INFO  [20:37:24.839] [mlr3] Applying learner 'classif.ranger' on task 'pub_fd' (iter 1/10)
Growing trees.. Progress: 50%. Estimated remaining time: 31 seconds.
Growing trees.. Progress: 97%. Estimated remaining time: 1 seconds.
INFO  [20:38:37.083] [mlr3] Applying learner 'classif.ranger' on task 'pub_fd' (iter 2/10)
Growing trees.. Progress: 48%. Estimated remaining time: 33 seconds.
Growing trees.. Progress: 98%. Estimated remaining time: 1 seconds.
INFO  [20:39:49.717] [mlr3] Applying learner 'classif.ranger' on task 'pub_fd' (iter 3/10)
Growing trees.. Progress: 47%. Estimated remaining time: 34 seconds.
Growing trees.. Progress: 96%. Estimated remaining time: 2 seconds.
INFO  [20:41:03.199] [mlr3] Applying learner 'classif.ranger' on task 'pub_fd' (iter 4/10)
Growing trees.. Progress: 47%. Estimated remaining time: 35 seconds.
Growing trees.. Progress: 95%. Estimated remaining time: 3 seconds.
INFO  [20:42:16.117] [mlr3] Applying learner 'classif.ranger' on task 'pub_fd' (iter 5/10)
Growing trees.. Progress: 49%. Estimated remaining time: 31 seconds.
Growing trees.. Progress: 98%. Estimated remaining time: 1 seconds.
INFO  [20:43:27.801] [mlr3] Applying learner 'classif.ranger' on task 'pub_fd' (iter 6/10)
Growing trees.. Progress: 46%. Estimated remaining time: 35 seconds.
INFO  [20:44:37.483] [mlr3] Applying learner 'classif.ranger' on task 'pub_fd' (iter 7/10)
Growing trees.. Progress: 44%. Estimated remaining time: 38 seconds.
Growing trees.. Progress: 98%. Estimated remaining time: 1 seconds.
INFO  [20:45:49.838] [mlr3] Applying learner 'classif.ranger' on task 'pub_fd' (iter 8/10)
Growing trees.. Progress: 50%. Estimated remaining time: 31 seconds.
Growing trees.. Progress: 98%. Estimated remaining time: 1 seconds.
INFO  [20:47:00.993] [mlr3] Applying learner 'classif.ranger' on task 'pub_fd' (iter 9/10)
Growing trees.. Progress: 45%. Estimated remaining time: 37 seconds.
Growing trees.. Progress: 93%. Estimated remaining time: 4 seconds.
INFO  [20:48:16.263] [mlr3] Applying learner 'classif.ranger' on task 'pub_fd' (iter 10/10)
Growing trees.. Progress: 47%. Estimated remaining time: 34 seconds.
Growing trees.. Progress: 94%. Estimated remaining time: 4 seconds.
INFO  [20:49:31.815] [mlr3] Applying learner 'classif.ranger' on task 'pub_fd' (iter 1/10)
Growing trees.. Progress: 47%. Estimated remaining time: 34 seconds.
Growing trees.. Progress: 96%. Estimated remaining time: 2 seconds.
INFO  [20:50:45.595] [mlr3] Applying learner 'classif.ranger' on task 'pub_fd' (iter 2/10)
Growing trees.. Progress: 48%. Estimated remaining time: 33 seconds.
Growing trees.. Progress: 98%. Estimated remaining time: 1 seconds.
INFO  [20:51:57.235] [mlr3] Applying learner 'classif.ranger' on task 'pub_fd' (iter 3/10)
Growing trees.. Progress: 50%. Estimated remaining time: 30 seconds.
INFO  [20:53:07.164] [mlr3] Applying learner 'classif.ranger' on task 'pub_fd' (iter 4/10)
Growing trees.. Progress: 50%. Estimated remaining time: 31 seconds.
Growing trees.. Progress: 98%. Estimated remaining time: 1 seconds.
INFO  [20:54:19.293] [mlr3] Applying learner 'classif.ranger' on task 'pub_fd' (iter 5/10)
Growing trees.. Progress: 47%. Estimated remaining time: 35 seconds.
INFO  [20:55:27.855] [mlr3] Applying learner 'classif.ranger' on task 'pub_fd' (iter 6/10)
Growing trees.. Progress: 56%. Estimated remaining time: 24 seconds.
INFO  [20:56:32.050] [mlr3] Applying learner 'classif.ranger' on task 'pub_fd' (iter 7/10)
Growing trees.. Progress: 46%. Estimated remaining time: 36 seconds.
Growing trees.. Progress: 91%. Estimated remaining time: 6 seconds.
INFO  [20:57:49.011] [mlr3] Applying learner 'classif.ranger' on task 'pub_fd' (iter 8/10)
Growing trees.. Progress: 49%. Estimated remaining time: 32 seconds.
INFO  [20:58:58.324] [mlr3] Applying learner 'classif.ranger' on task 'pub_fd' (iter 9/10)
Growing trees.. Progress: 47%. Estimated remaining time: 35 seconds.
Growing trees.. Progress: 96%. Estimated remaining time: 2 seconds.
INFO  [21:00:11.454] [mlr3] Applying learner 'classif.ranger' on task 'pub_fd' (iter 10/10)
Growing trees.. Progress: 47%. Estimated remaining time: 35 seconds.
Growing trees.. Progress: 99%. Estimated remaining time: 0 seconds.
INFO  [21:01:22.358] [mlr3] Applying learner 'classif.ranger' on task 'pub_fd' (iter 1/10)
Growing trees.. Progress: 52%. Estimated remaining time: 29 seconds.
INFO  [21:02:31.763] [mlr3] Applying learner 'classif.ranger' on task 'pub_fd' (iter 2/10)
Growing trees.. Progress: 50%. Estimated remaining time: 31 seconds.
Growing trees.. Progress: 99%. Estimated remaining time: 0 seconds.
INFO  [21:03:43.516] [mlr3] Applying learner 'classif.ranger' on task 'pub_fd' (iter 3/10)
Growing trees.. Progress: 46%. Estimated remaining time: 37 seconds.
Growing trees.. Progress: 93%. Estimated remaining time: 4 seconds.
INFO  [21:04:59.371] [mlr3] Applying learner 'classif.ranger' on task 'pub_fd' (iter 4/10)
Growing trees.. Progress: 48%. Estimated remaining time: 34 seconds.
Growing trees.. Progress: 98%. Estimated remaining time: 1 seconds.
INFO  [21:06:10.401] [mlr3] Applying learner 'classif.ranger' on task 'pub_fd' (iter 5/10)
Growing trees.. Progress: 51%. Estimated remaining time: 30 seconds.
INFO  [21:07:18.296] [mlr3] Applying learner 'classif.ranger' on task 'pub_fd' (iter 6/10)
Growing trees.. Progress: 47%. Estimated remaining time: 34 seconds.
Growing trees.. Progress: 96%. Estimated remaining time: 2 seconds.
INFO  [21:08:30.659] [mlr3] Applying learner 'classif.ranger' on task 'pub_fd' (iter 7/10)
Growing trees.. Progress: 52%. Estimated remaining time: 28 seconds.
INFO  [21:09:39.136] [mlr3] Applying learner 'classif.ranger' on task 'pub_fd' (iter 8/10)
Growing trees.. Progress: 48%. Estimated remaining time: 33 seconds.
Growing trees.. Progress: 97%. Estimated remaining time: 1 seconds.
INFO  [21:10:51.515] [mlr3] Applying learner 'classif.ranger' on task 'pub_fd' (iter 9/10)
Growing trees.. Progress: 53%. Estimated remaining time: 27 seconds.
INFO  [21:11:59.009] [mlr3] Applying learner 'classif.ranger' on task 'pub_fd' (iter 10/10)
Growing trees.. Progress: 50%. Estimated remaining time: 31 seconds.
Growing trees.. Progress: 98%. Estimated remaining time: 1 seconds.
INFO  [21:13:11.420] [mlr3] Applying learner 'classif.ranger' on task 'pub_fd' (iter 1/10)
Growing trees.. Progress: 49%. Estimated remaining time: 32 seconds.
Growing trees.. Progress: 97%. Estimated remaining time: 2 seconds.
INFO  [21:14:24.173] [mlr3] Applying learner 'classif.ranger' on task 'pub_fd' (iter 2/10)
Growing trees.. Progress: 50%. Estimated remaining time: 31 seconds.
Growing trees.. Progress: 100%. Estimated remaining time: 0 seconds.
INFO  [21:15:35.034] [mlr3] Applying learner 'classif.ranger' on task 'pub_fd' (iter 3/10)
Growing trees.. Progress: 51%. Estimated remaining time: 29 seconds.
INFO  [21:16:45.769] [mlr3] Applying learner 'classif.ranger' on task 'pub_fd' (iter 4/10)
Growing trees.. Progress: 54%. Estimated remaining time: 26 seconds.
INFO  [21:17:51.144] [mlr3] Applying learner 'classif.ranger' on task 'pub_fd' (iter 5/10)
Growing trees.. Progress: 47%. Estimated remaining time: 34 seconds.
Growing trees.. Progress: 96%. Estimated remaining time: 2 seconds.
INFO  [21:19:03.663] [mlr3] Applying learner 'classif.ranger' on task 'pub_fd' (iter 6/10)
Growing trees.. Progress: 46%. Estimated remaining time: 36 seconds.
Growing trees.. Progress: 92%. Estimated remaining time: 5 seconds.
INFO  [21:20:19.054] [mlr3] Applying learner 'classif.ranger' on task 'pub_fd' (iter 7/10)
Growing trees.. Progress: 47%. Estimated remaining time: 34 seconds.
Growing trees.. Progress: 95%. Estimated remaining time: 3 seconds.
INFO  [21:21:32.797] [mlr3] Applying learner 'classif.ranger' on task 'pub_fd' (iter 8/10)
Growing trees.. Progress: 47%. Estimated remaining time: 34 seconds.
Growing trees.. Progress: 96%. Estimated remaining time: 2 seconds.
INFO  [21:22:45.201] [mlr3] Applying learner 'classif.ranger' on task 'pub_fd' (iter 9/10)
Growing trees.. Progress: 46%. Estimated remaining time: 36 seconds.
Growing trees.. Progress: 94%. Estimated remaining time: 3 seconds.
INFO  [21:23:59.360] [mlr3] Applying learner 'classif.ranger' on task 'pub_fd' (iter 10/10)
Growing trees.. Progress: 48%. Estimated remaining time: 33 seconds.
Growing trees.. Progress: 93%. Estimated remaining time: 4 seconds.
INFO  [21:25:13.664] [mlr3] Applying learner 'classif.ranger' on task 'pub_fd' (iter 1/10)
Growing trees.. Progress: 51%. Estimated remaining time: 29 seconds.
INFO  [21:26:23.013] [mlr3] Applying learner 'classif.ranger' on task 'pub_fd' (iter 2/10)
Growing trees.. Progress: 51%. Estimated remaining time: 30 seconds.
Growing trees.. Progress: 99%. Estimated remaining time: 0 seconds.
INFO  [21:27:33.354] [mlr3] Applying learner 'classif.ranger' on task 'pub_fd' (iter 3/10)
Growing trees.. Progress: 46%. Estimated remaining time: 36 seconds.
Growing trees.. Progress: 94%. Estimated remaining time: 4 seconds.
INFO  [21:28:47.787] [mlr3] Applying learner 'classif.ranger' on task 'pub_fd' (iter 4/10)
Growing trees.. Progress: 49%. Estimated remaining time: 32 seconds.
Growing trees.. Progress: 97%. Estimated remaining time: 2 seconds.
INFO  [21:29:59.898] [mlr3] Applying learner 'classif.ranger' on task 'pub_fd' (iter 5/10)
Growing trees.. Progress: 47%. Estimated remaining time: 34 seconds.
Growing trees.. Progress: 96%. Estimated remaining time: 2 seconds.
INFO  [21:31:12.647] [mlr3] Applying learner 'classif.ranger' on task 'pub_fd' (iter 6/10)
Growing trees.. Progress: 51%. Estimated remaining time: 30 seconds.
INFO  [21:32:23.501] [mlr3] Applying learner 'classif.ranger' on task 'pub_fd' (iter 7/10)
Growing trees.. Progress: 46%. Estimated remaining time: 36 seconds.
Growing trees.. Progress: 94%. Estimated remaining time: 3 seconds.
INFO  [21:33:37.971] [mlr3] Applying learner 'classif.ranger' on task 'pub_fd' (iter 8/10)
Growing trees.. Progress: 49%. Estimated remaining time: 32 seconds.
INFO  [21:34:47.128] [mlr3] Applying learner 'classif.ranger' on task 'pub_fd' (iter 9/10)
Growing trees.. Progress: 46%. Estimated remaining time: 37 seconds.
Growing trees.. Progress: 92%. Estimated remaining time: 5 seconds.
INFO  [21:36:02.586] [mlr3] Applying learner 'classif.ranger' on task 'pub_fd' (iter 10/10)
Growing trees.. Progress: 49%. Estimated remaining time: 32 seconds.
INFO  [21:37:13.131] [mlr3] Applying learner 'classif.ranger' on task 'pub_fd' (iter 1/10)
Growing trees.. Progress: 46%. Estimated remaining time: 36 seconds.
Growing trees.. Progress: 92%. Estimated remaining time: 5 seconds.
INFO  [21:38:28.674] [mlr3] Applying learner 'classif.ranger' on task 'pub_fd' (iter 2/10)
Growing trees.. Progress: 44%. Estimated remaining time: 39 seconds.
Growing trees.. Progress: 89%. Estimated remaining time: 7 seconds.
INFO  [21:39:46.429] [mlr3] Applying learner 'classif.ranger' on task 'pub_fd' (iter 3/10)
Growing trees.. Progress: 50%. Estimated remaining time: 30 seconds.
INFO  [21:40:55.831] [mlr3] Applying learner 'classif.ranger' on task 'pub_fd' (iter 4/10)
Growing trees.. Progress: 47%. Estimated remaining time: 35 seconds.
Growing trees.. Progress: 93%. Estimated remaining time: 4 seconds.
INFO  [21:42:11.374] [mlr3] Applying learner 'classif.ranger' on task 'pub_fd' (iter 5/10)
Growing trees.. Progress: 48%. Estimated remaining time: 33 seconds.
Growing trees.. Progress: 99%. Estimated remaining time: 0 seconds.
INFO  [21:43:22.822] [mlr3] Applying learner 'classif.ranger' on task 'pub_fd' (iter 6/10)
Growing trees.. Progress: 52%. Estimated remaining time: 28 seconds.
INFO  [21:44:28.791] [mlr3] Applying learner 'classif.ranger' on task 'pub_fd' (iter 7/10)
Growing trees.. Progress: 52%. Estimated remaining time: 28 seconds.
INFO  [21:45:34.958] [mlr3] Applying learner 'classif.ranger' on task 'pub_fd' (iter 8/10)
Growing trees.. Progress: 46%. Estimated remaining time: 36 seconds.
Growing trees.. Progress: 94%. Estimated remaining time: 4 seconds.
INFO  [21:46:50.534] [mlr3] Applying learner 'classif.ranger' on task 'pub_fd' (iter 9/10)
Growing trees.. Progress: 46%. Estimated remaining time: 36 seconds.
Growing trees.. Progress: 93%. Estimated remaining time: 4 seconds.
INFO  [21:48:05.171] [mlr3] Applying learner 'classif.ranger' on task 'pub_fd' (iter 10/10)
Growing trees.. Progress: 51%. Estimated remaining time: 29 seconds.
INFO  [21:49:15.603] [mlr3] Applying learner 'classif.ranger' on task 'pub_fd' (iter 1/10)
Growing trees.. Progress: 50%. Estimated remaining time: 31 seconds.
Growing trees.. Progress: 99%. Estimated remaining time: 0 seconds.
INFO  [21:50:27.104] [mlr3] Applying learner 'classif.ranger' on task 'pub_fd' (iter 2/10)
Growing trees.. Progress: 49%. Estimated remaining time: 32 seconds.
Growing trees.. Progress: 97%. Estimated remaining time: 1 seconds.
INFO  [21:51:39.813] [mlr3] Applying learner 'classif.ranger' on task 'pub_fd' (iter 3/10)
Growing trees.. Progress: 46%. Estimated remaining time: 36 seconds.
Growing trees.. Progress: 93%. Estimated remaining time: 4 seconds.
INFO  [21:52:55.486] [mlr3] Applying learner 'classif.ranger' on task 'pub_fd' (iter 4/10)
Growing trees.. Progress: 45%. Estimated remaining time: 37 seconds.
Growing trees.. Progress: 95%. Estimated remaining time: 3 seconds.
INFO  [21:54:08.289] [mlr3] Applying learner 'classif.ranger' on task 'pub_fd' (iter 5/10)
Growing trees.. Progress: 54%. Estimated remaining time: 26 seconds.
INFO  [21:55:14.213] [mlr3] Applying learner 'classif.ranger' on task 'pub_fd' (iter 6/10)
Growing trees.. Progress: 48%. Estimated remaining time: 33 seconds.
Growing trees.. Progress: 97%. Estimated remaining time: 1 seconds.
INFO  [21:56:26.253] [mlr3] Applying learner 'classif.ranger' on task 'pub_fd' (iter 7/10)
Growing trees.. Progress: 46%. Estimated remaining time: 36 seconds.
Growing trees.. Progress: 94%. Estimated remaining time: 3 seconds.
INFO  [21:57:39.791] [mlr3] Applying learner 'classif.ranger' on task 'pub_fd' (iter 8/10)
Growing trees.. Progress: 49%. Estimated remaining time: 32 seconds.
Growing trees.. Progress: 93%. Estimated remaining time: 4 seconds.
INFO  [21:58:54.153] [mlr3] Applying learner 'classif.ranger' on task 'pub_fd' (iter 9/10)
Growing trees.. Progress: 51%. Estimated remaining time: 30 seconds.
INFO  [22:00:03.714] [mlr3] Applying learner 'classif.ranger' on task 'pub_fd' (iter 10/10)
Growing trees.. Progress: 49%. Estimated remaining time: 31 seconds.
Growing trees.. Progress: 97%. Estimated remaining time: 1 seconds.
INFO  [22:01:16.683] [mlr3] Applying learner 'classif.ranger' on task 'pub_fd' (iter 1/10)
Growing trees.. Progress: 52%. Estimated remaining time: 28 seconds.
INFO  [22:02:26.588] [mlr3] Applying learner 'classif.ranger' on task 'pub_fd' (iter 2/10)
Growing trees.. Progress: 50%. Estimated remaining time: 30 seconds.
INFO  [22:03:36.054] [mlr3] Applying learner 'classif.ranger' on task 'pub_fd' (iter 3/10)
Growing trees.. Progress: 49%. Estimated remaining time: 32 seconds.
Growing trees.. Progress: 97%. Estimated remaining time: 2 seconds.
INFO  [22:04:48.837] [mlr3] Applying learner 'classif.ranger' on task 'pub_fd' (iter 4/10)
Growing trees.. Progress: 46%. Estimated remaining time: 36 seconds.
Growing trees.. Progress: 96%. Estimated remaining time: 2 seconds.
INFO  [22:06:01.829] [mlr3] Applying learner 'classif.ranger' on task 'pub_fd' (iter 5/10)
Growing trees.. Progress: 47%. Estimated remaining time: 34 seconds.
Growing trees.. Progress: 95%. Estimated remaining time: 3 seconds.
INFO  [22:07:15.070] [mlr3] Applying learner 'classif.ranger' on task 'pub_fd' (iter 6/10)
Growing trees.. Progress: 48%. Estimated remaining time: 34 seconds.
Growing trees.. Progress: 96%. Estimated remaining time: 2 seconds.
INFO  [22:08:27.573] [mlr3] Applying learner 'classif.ranger' on task 'pub_fd' (iter 7/10)
Growing trees.. Progress: 47%. Estimated remaining time: 34 seconds.
Growing trees.. Progress: 97%. Estimated remaining time: 1 seconds.
INFO  [22:09:40.188] [mlr3] Applying learner 'classif.ranger' on task 'pub_fd' (iter 8/10)
Growing trees.. Progress: 51%. Estimated remaining time: 30 seconds.
INFO  [22:10:49.185] [mlr3] Applying learner 'classif.ranger' on task 'pub_fd' (iter 9/10)
Growing trees.. Progress: 48%. Estimated remaining time: 34 seconds.
INFO  [22:11:59.295] [mlr3] Applying learner 'classif.ranger' on task 'pub_fd' (iter 10/10)
Growing trees.. Progress: 49%. Estimated remaining time: 31 seconds.
Growing trees.. Progress: 97%. Estimated remaining time: 1 seconds.
INFO  [22:13:11.530] [mlr3] Applying learner 'classif.ranger' on task 'pub_fd' (iter 1/10)
Growing trees.. Progress: 52%. Estimated remaining time: 28 seconds.
Growing trees.. Progress: 100%. Estimated remaining time: 0 seconds.
INFO  [22:14:21.568] [mlr3] Applying learner 'classif.ranger' on task 'pub_fd' (iter 2/10)
Growing trees.. Progress: 50%. Estimated remaining time: 30 seconds.
INFO  [22:15:28.891] [mlr3] Applying learner 'classif.ranger' on task 'pub_fd' (iter 3/10)
Growing trees.. Progress: 49%. Estimated remaining time: 31 seconds.
INFO  [22:16:38.319] [mlr3] Applying learner 'classif.ranger' on task 'pub_fd' (iter 4/10)
Growing trees.. Progress: 51%. Estimated remaining time: 29 seconds.
INFO  [22:17:46.503] [mlr3] Applying learner 'classif.ranger' on task 'pub_fd' (iter 5/10)
Growing trees.. Progress: 45%. Estimated remaining time: 37 seconds.
Growing trees.. Progress: 93%. Estimated remaining time: 4 seconds.
INFO  [22:19:00.869] [mlr3] Applying learner 'classif.ranger' on task 'pub_fd' (iter 6/10)
Growing trees.. Progress: 45%. Estimated remaining time: 37 seconds.
Growing trees.. Progress: 92%. Estimated remaining time: 5 seconds.
INFO  [22:20:16.790] [mlr3] Applying learner 'classif.ranger' on task 'pub_fd' (iter 7/10)
Growing trees.. Progress: 50%. Estimated remaining time: 30 seconds.
Growing trees.. Progress: 98%. Estimated remaining time: 1 seconds.
INFO  [22:21:28.208] [mlr3] Applying learner 'classif.ranger' on task 'pub_fd' (iter 8/10)
Growing trees.. Progress: 47%. Estimated remaining time: 34 seconds.
Growing trees.. Progress: 96%. Estimated remaining time: 2 seconds.
INFO  [22:22:40.743] [mlr3] Applying learner 'classif.ranger' on task 'pub_fd' (iter 9/10)
Growing trees.. Progress: 50%. Estimated remaining time: 30 seconds.
Growing trees.. Progress: 98%. Estimated remaining time: 1 seconds.
INFO  [22:23:52.181] [mlr3] Applying learner 'classif.ranger' on task 'pub_fd' (iter 10/10)
Growing trees.. Progress: 47%. Estimated remaining time: 35 seconds.
           [,1]
 [1,] 0.8429398
 [2,] 0.8408537
 [3,] 0.8457790
 [4,] 0.8434974
 [5,] 0.8432674
 [6,] 0.8446023
 [7,] 0.8436257
 [8,] 0.8456011
 [9,] 0.8455524
[10,] 0.8418515
   Min. 1st Qu.  Median    Mean 3rd Qu.    Max. 
 0.8409  0.8430  0.8436  0.8438  0.8453  0.8458 
Warning message:
Ignoring unknown parameters: linewidth 
Saving 7 x 7 in image
null device 
          1 
null device 
          1 
