Growing trees.. Progress: 13%. Estimated remaining time: 3 minutes, 23 seconds.
Growing trees.. Progress: 28%. Estimated remaining time: 2 minutes, 39 seconds.
Growing trees.. Progress: 44%. Estimated remaining time: 1 minute, 59 seconds.
Growing trees.. Progress: 60%. Estimated remaining time: 1 minute, 24 seconds.
Growing trees.. Progress: 76%. Estimated remaining time: 49 seconds.
Growing trees.. Progress: 92%. Estimated remaining time: 16 seconds.

pub_gz predict oFudan:
classif.auc 
     0.6844 

pub_gz predict yFudan:
classif.auc 
     0.6492 

AUC of 10-fold cross validation for pub_gz:
INFO  [08:40:41.698] [mlr3] Applying learner 'classif.ranger' on task 'pub_gz' (iter 1/10)
Growing trees.. Progress: 19%. Estimated remaining time: 2 minutes, 16 seconds.
Growing trees.. Progress: 35%. Estimated remaining time: 1 minute, 56 seconds.
Growing trees.. Progress: 51%. Estimated remaining time: 1 minute, 30 seconds.
Growing trees.. Progress: 67%. Estimated remaining time: 1 minute, 1 seconds.
Growing trees.. Progress: 82%. Estimated remaining time: 34 seconds.
Growing trees.. Progress: 100%. Estimated remaining time: 0 seconds.
INFO  [08:43:59.122] [mlr3] Applying learner 'classif.ranger' on task 'pub_gz' (iter 2/10)
Growing trees.. Progress: 16%. Estimated remaining time: 2 minutes, 38 seconds.
Growing trees.. Progress: 31%. Estimated remaining time: 2 minutes, 15 seconds.
Growing trees.. Progress: 47%. Estimated remaining time: 1 minute, 46 seconds.
Growing trees.. Progress: 64%. Estimated remaining time: 1 minute, 10 seconds.
Growing trees.. Progress: 79%. Estimated remaining time: 41 seconds.
Growing trees.. Progress: 94%. Estimated remaining time: 12 seconds.
INFO  [08:47:27.802] [mlr3] Applying learner 'classif.ranger' on task 'pub_gz' (iter 3/10)
Growing trees.. Progress: 16%. Estimated remaining time: 2 minutes, 44 seconds.
Growing trees.. Progress: 33%. Estimated remaining time: 2 minutes, 4 seconds.
Growing trees.. Progress: 52%. Estimated remaining time: 1 minute, 25 seconds.
Growing trees.. Progress: 71%. Estimated remaining time: 50 seconds.
Growing trees.. Progress: 89%. Estimated remaining time: 18 seconds.
INFO  [08:50:31.772] [mlr3] Applying learner 'classif.ranger' on task 'pub_gz' (iter 4/10)
Growing trees.. Progress: 17%. Estimated remaining time: 2 minutes, 28 seconds.
Growing trees.. Progress: 36%. Estimated remaining time: 1 minute, 49 seconds.
Growing trees.. Progress: 52%. Estimated remaining time: 1 minute, 24 seconds.
Growing trees.. Progress: 68%. Estimated remaining time: 58 seconds.
Growing trees.. Progress: 84%. Estimated remaining time: 30 seconds.
Growing trees.. Progress: 100%. Estimated remaining time: 0 seconds.
INFO  [08:53:46.690] [mlr3] Applying learner 'classif.ranger' on task 'pub_gz' (iter 5/10)
Growing trees.. Progress: 19%. Estimated remaining time: 2 minutes, 14 seconds.
Growing trees.. Progress: 38%. Estimated remaining time: 1 minute, 42 seconds.
Growing trees.. Progress: 54%. Estimated remaining time: 1 minute, 20 seconds.
Growing trees.. Progress: 71%. Estimated remaining time: 51 seconds.
Growing trees.. Progress: 88%. Estimated remaining time: 22 seconds.
INFO  [08:56:52.841] [mlr3] Applying learner 'classif.ranger' on task 'pub_gz' (iter 6/10)
Growing trees.. Progress: 16%. Estimated remaining time: 2 minutes, 41 seconds.
Growing trees.. Progress: 33%. Estimated remaining time: 2 minutes, 7 seconds.
Growing trees.. Progress: 48%. Estimated remaining time: 1 minute, 40 seconds.
Growing trees.. Progress: 64%. Estimated remaining time: 1 minute, 9 seconds.
Growing trees.. Progress: 80%. Estimated remaining time: 38 seconds.
Growing trees.. Progress: 95%. Estimated remaining time: 8 seconds.
INFO  [09:00:17.685] [mlr3] Applying learner 'classif.ranger' on task 'pub_gz' (iter 7/10)
Growing trees.. Progress: 17%. Estimated remaining time: 2 minutes, 29 seconds.
Growing trees.. Progress: 32%. Estimated remaining time: 2 minutes, 9 seconds.
Growing trees.. Progress: 48%. Estimated remaining time: 1 minute, 39 seconds.
Growing trees.. Progress: 64%. Estimated remaining time: 1 minute, 9 seconds.
Growing trees.. Progress: 80%. Estimated remaining time: 39 seconds.
Growing trees.. Progress: 97%. Estimated remaining time: 5 seconds.
INFO  [09:03:37.941] [mlr3] Applying learner 'classif.ranger' on task 'pub_gz' (iter 8/10)
Growing trees.. Progress: 17%. Estimated remaining time: 2 minutes, 26 seconds.
Growing trees.. Progress: 35%. Estimated remaining time: 1 minute, 53 seconds.
Growing trees.. Progress: 52%. Estimated remaining time: 1 minute, 24 seconds.
Growing trees.. Progress: 71%. Estimated remaining time: 50 seconds.
Growing trees.. Progress: 89%. Estimated remaining time: 20 seconds.
INFO  [09:06:43.103] [mlr3] Applying learner 'classif.ranger' on task 'pub_gz' (iter 9/10)
Growing trees.. Progress: 18%. Estimated remaining time: 2 minutes, 20 seconds.
Growing trees.. Progress: 36%. Estimated remaining time: 1 minute, 48 seconds.
Growing trees.. Progress: 55%. Estimated remaining time: 1 minute, 17 seconds.
Growing trees.. Progress: 73%. Estimated remaining time: 46 seconds.
Growing trees.. Progress: 89%. Estimated remaining time: 18 seconds.
INFO  [09:09:48.550] [mlr3] Applying learner 'classif.ranger' on task 'pub_gz' (iter 10/10)
Growing trees.. Progress: 18%. Estimated remaining time: 2 minutes, 22 seconds.
Growing trees.. Progress: 35%. Estimated remaining time: 1 minute, 52 seconds.
Growing trees.. Progress: 52%. Estimated remaining time: 1 minute, 27 seconds.
Growing trees.. Progress: 66%. Estimated remaining time: 1 minute, 4 seconds.
Growing trees.. Progress: 81%. Estimated remaining time: 37 seconds.
Growing trees.. Progress: 95%. Estimated remaining time: 8 seconds.
INFO  [09:13:13.105] [mlr3] Applying learner 'classif.ranger' on task 'pub_gz' (iter 1/10)
Growing trees.. Progress: 18%. Estimated remaining time: 2 minutes, 24 seconds.
Growing trees.. Progress: 36%. Estimated remaining time: 1 minute, 51 seconds.
Growing trees.. Progress: 53%. Estimated remaining time: 1 minute, 23 seconds.
Growing trees.. Progress: 70%. Estimated remaining time: 52 seconds.
Growing trees.. Progress: 89%. Estimated remaining time: 18 seconds.
INFO  [09:16:16.748] [mlr3] Applying learner 'classif.ranger' on task 'pub_gz' (iter 2/10)
Growing trees.. Progress: 17%. Estimated remaining time: 2 minutes, 29 seconds.
Growing trees.. Progress: 37%. Estimated remaining time: 1 minute, 45 seconds.
Growing trees.. Progress: 57%. Estimated remaining time: 1 minute, 9 seconds.
Growing trees.. Progress: 76%. Estimated remaining time: 38 seconds.
Growing trees.. Progress: 95%. Estimated remaining time: 8 seconds.
INFO  [09:19:07.852] [mlr3] Applying learner 'classif.ranger' on task 'pub_gz' (iter 3/10)
Growing trees.. Progress: 17%. Estimated remaining time: 2 minutes, 29 seconds.
Growing trees.. Progress: 35%. Estimated remaining time: 1 minute, 53 seconds.
Growing trees.. Progress: 53%. Estimated remaining time: 1 minute, 22 seconds.
Growing trees.. Progress: 70%. Estimated remaining time: 52 seconds.
Growing trees.. Progress: 87%. Estimated remaining time: 23 seconds.
INFO  [09:22:19.047] [mlr3] Applying learner 'classif.ranger' on task 'pub_gz' (iter 4/10)
Growing trees.. Progress: 17%. Estimated remaining time: 2 minutes, 34 seconds.
Growing trees.. Progress: 33%. Estimated remaining time: 2 minutes, 7 seconds.
Growing trees.. Progress: 49%. Estimated remaining time: 1 minute, 38 seconds.
Growing trees.. Progress: 64%. Estimated remaining time: 1 minute, 10 seconds.
Growing trees.. Progress: 79%. Estimated remaining time: 41 seconds.
Growing trees.. Progress: 94%. Estimated remaining time: 11 seconds.
INFO  [09:25:46.814] [mlr3] Applying learner 'classif.ranger' on task 'pub_gz' (iter 5/10)
Growing trees.. Progress: 18%. Estimated remaining time: 2 minutes, 16 seconds.
Growing trees.. Progress: 36%. Estimated remaining time: 1 minute, 48 seconds.
Growing trees.. Progress: 51%. Estimated remaining time: 1 minute, 28 seconds.
Growing trees.. Progress: 67%. Estimated remaining time: 1 minute, 2 seconds.
Growing trees.. Progress: 82%. Estimated remaining time: 33 seconds.
Growing trees.. Progress: 98%. Estimated remaining time: 3 seconds.
INFO  [09:29:09.532] [mlr3] Applying learner 'classif.ranger' on task 'pub_gz' (iter 6/10)
Growing trees.. Progress: 15%. Estimated remaining time: 3 minutes, 1 seconds.
Growing trees.. Progress: 29%. Estimated remaining time: 2 minutes, 34 seconds.
Growing trees.. Progress: 44%. Estimated remaining time: 1 minute, 57 seconds.
Growing trees.. Progress: 60%. Estimated remaining time: 1 minute, 22 seconds.
Growing trees.. Progress: 76%. Estimated remaining time: 48 seconds.
Growing trees.. Progress: 92%. Estimated remaining time: 17 seconds.
INFO  [09:32:44.398] [mlr3] Applying learner 'classif.ranger' on task 'pub_gz' (iter 7/10)
Growing trees.. Progress: 15%. Estimated remaining time: 2 minutes, 50 seconds.
Growing trees.. Progress: 31%. Estimated remaining time: 2 minutes, 17 seconds.
Growing trees.. Progress: 47%. Estimated remaining time: 1 minute, 44 seconds.
Growing trees.. Progress: 62%. Estimated remaining time: 1 minute, 17 seconds.
Growing trees.. Progress: 75%. Estimated remaining time: 50 seconds.
Growing trees.. Progress: 90%. Estimated remaining time: 20 seconds.
INFO  [09:36:22.858] [mlr3] Applying learner 'classif.ranger' on task 'pub_gz' (iter 8/10)
Growing trees.. Progress: 19%. Estimated remaining time: 2 minutes, 16 seconds.
Growing trees.. Progress: 38%. Estimated remaining time: 1 minute, 43 seconds.
Growing trees.. Progress: 55%. Estimated remaining time: 1 minute, 16 seconds.
Growing trees.. Progress: 71%. Estimated remaining time: 49 seconds.
Growing trees.. Progress: 88%. Estimated remaining time: 21 seconds.
INFO  [09:39:35.031] [mlr3] Applying learner 'classif.ranger' on task 'pub_gz' (iter 9/10)
Growing trees.. Progress: 14%. Estimated remaining time: 3 minutes, 18 seconds.
Growing trees.. Progress: 29%. Estimated remaining time: 2 minutes, 35 seconds.
Growing trees.. Progress: 44%. Estimated remaining time: 1 minute, 58 seconds.
Growing trees.. Progress: 59%. Estimated remaining time: 1 minute, 27 seconds.
Growing trees.. Progress: 74%. Estimated remaining time: 55 seconds.
Growing trees.. Progress: 89%. Estimated remaining time: 23 seconds.
INFO  [09:43:16.277] [mlr3] Applying learner 'classif.ranger' on task 'pub_gz' (iter 10/10)
Growing trees.. Progress: 13%. Estimated remaining time: 3 minutes, 25 seconds.
Growing trees.. Progress: 26%. Estimated remaining time: 2 minutes, 53 seconds.
Growing trees.. Progress: 40%. Estimated remaining time: 2 minutes, 21 seconds.
Growing trees.. Progress: 53%. Estimated remaining time: 1 minute, 50 seconds.
Growing trees.. Progress: 67%. Estimated remaining time: 1 minute, 17 seconds.
Growing trees.. Progress: 80%. Estimated remaining time: 46 seconds.
Growing trees.. Progress: 93%. Estimated remaining time: 16 seconds.
INFO  [09:47:20.934] [mlr3] Applying learner 'classif.ranger' on task 'pub_gz' (iter 1/10)
Growing trees.. Progress: 16%. Estimated remaining time: 2 minutes, 45 seconds.
Growing trees.. Progress: 32%. Estimated remaining time: 2 minutes, 14 seconds.
Growing trees.. Progress: 50%. Estimated remaining time: 1 minute, 31 seconds.
Growing trees.. Progress: 70%. Estimated remaining time: 54 seconds.
Growing trees.. Progress: 89%. Estimated remaining time: 19 seconds.
INFO  [09:50:26.278] [mlr3] Applying learner 'classif.ranger' on task 'pub_gz' (iter 2/10)
Growing trees.. Progress: 14%. Estimated remaining time: 3 minutes, 12 seconds.
Growing trees.. Progress: 28%. Estimated remaining time: 2 minutes, 40 seconds.
Growing trees.. Progress: 41%. Estimated remaining time: 2 minutes, 12 seconds.
Growing trees.. Progress: 55%. Estimated remaining time: 1 minute, 39 seconds.
Growing trees.. Progress: 71%. Estimated remaining time: 1 minute, 3 seconds.
Growing trees.. Progress: 86%. Estimated remaining time: 30 seconds.
INFO  [09:54:12.815] [mlr3] Applying learner 'classif.ranger' on task 'pub_gz' (iter 3/10)
Growing trees.. Progress: 14%. Estimated remaining time: 3 minutes, 5 seconds.
Growing trees.. Progress: 30%. Estimated remaining time: 2 minutes, 27 seconds.
Growing trees.. Progress: 46%. Estimated remaining time: 1 minute, 49 seconds.
Growing trees.. Progress: 63%. Estimated remaining time: 1 minute, 14 seconds.
Growing trees.. Progress: 81%. Estimated remaining time: 36 seconds.
Growing trees.. Progress: 99%. Estimated remaining time: 1 seconds.
INFO  [09:57:34.236] [mlr3] Applying learner 'classif.ranger' on task 'pub_gz' (iter 4/10)
Growing trees.. Progress: 15%. Estimated remaining time: 2 minutes, 49 seconds.
Growing trees.. Progress: 31%. Estimated remaining time: 2 minutes, 19 seconds.
Growing trees.. Progress: 47%. Estimated remaining time: 1 minute, 44 seconds.
Growing trees.. Progress: 63%. Estimated remaining time: 1 minute, 12 seconds.
Growing trees.. Progress: 80%. Estimated remaining time: 39 seconds.
Growing trees.. Progress: 95%. Estimated remaining time: 8 seconds.
INFO  [10:01:00.433] [mlr3] Applying learner 'classif.ranger' on task 'pub_gz' (iter 5/10)
Growing trees.. Progress: 14%. Estimated remaining time: 3 minutes, 7 seconds.
Growing trees.. Progress: 28%. Estimated remaining time: 2 minutes, 38 seconds.
Growing trees.. Progress: 42%. Estimated remaining time: 2 minutes, 5 seconds.
Growing trees.. Progress: 56%. Estimated remaining time: 1 minute, 35 seconds.
Growing trees.. Progress: 71%. Estimated remaining time: 1 minute, 2 seconds.
Growing trees.. Progress: 85%. Estimated remaining time: 32 seconds.
INFO  [10:04:48.830] [mlr3] Applying learner 'classif.ranger' on task 'pub_gz' (iter 6/10)
Growing trees.. Progress: 15%. Estimated remaining time: 2 minutes, 58 seconds.
Growing trees.. Progress: 30%. Estimated remaining time: 2 minutes, 23 seconds.
Growing trees.. Progress: 45%. Estimated remaining time: 1 minute, 53 seconds.
Growing trees.. Progress: 59%. Estimated remaining time: 1 minute, 26 seconds.
Growing trees.. Progress: 75%. Estimated remaining time: 52 seconds.
Growing trees.. Progress: 91%. Estimated remaining time: 18 seconds.
INFO  [10:08:26.311] [mlr3] Applying learner 'classif.ranger' on task 'pub_gz' (iter 7/10)
Growing trees.. Progress: 14%. Estimated remaining time: 3 minutes, 13 seconds.
Growing trees.. Progress: 28%. Estimated remaining time: 2 minutes, 37 seconds.
Growing trees.. Progress: 42%. Estimated remaining time: 2 minutes, 9 seconds.
Growing trees.. Progress: 56%. Estimated remaining time: 1 minute, 39 seconds.
Growing trees.. Progress: 70%. Estimated remaining time: 1 minute, 5 seconds.
Growing trees.. Progress: 85%. Estimated remaining time: 33 seconds.
Growing trees.. Progress: 99%. Estimated remaining time: 1 seconds.
INFO  [10:12:16.263] [mlr3] Applying learner 'classif.ranger' on task 'pub_gz' (iter 8/10)
Growing trees.. Progress: 19%. Estimated remaining time: 2 minutes, 11 seconds.
Growing trees.. Progress: 35%. Estimated remaining time: 1 minute, 56 seconds.
Growing trees.. Progress: 50%. Estimated remaining time: 1 minute, 33 seconds.
Growing trees.. Progress: 66%. Estimated remaining time: 1 minute, 3 seconds.
Growing trees.. Progress: 81%. Estimated remaining time: 35 seconds.
Growing trees.. Progress: 97%. Estimated remaining time: 4 seconds.
INFO  [10:15:37.193] [mlr3] Applying learner 'classif.ranger' on task 'pub_gz' (iter 9/10)
Growing trees.. Progress: 17%. Estimated remaining time: 2 minutes, 31 seconds.
Growing trees.. Progress: 36%. Estimated remaining time: 1 minute, 50 seconds.
Growing trees.. Progress: 56%. Estimated remaining time: 1 minute, 13 seconds.
Growing trees.. Progress: 75%. Estimated remaining time: 41 seconds.
Growing trees.. Progress: 93%. Estimated remaining time: 11 seconds.
INFO  [10:18:35.585] [mlr3] Applying learner 'classif.ranger' on task 'pub_gz' (iter 10/10)
Growing trees.. Progress: 14%. Estimated remaining time: 3 minutes, 10 seconds.
Growing trees.. Progress: 28%. Estimated remaining time: 2 minutes, 38 seconds.
Growing trees.. Progress: 42%. Estimated remaining time: 2 minutes, 8 seconds.
Growing trees.. Progress: 56%. Estimated remaining time: 1 minute, 37 seconds.
Growing trees.. Progress: 70%. Estimated remaining time: 1 minute, 5 seconds.
Growing trees.. Progress: 86%. Estimated remaining time: 30 seconds.
INFO  [10:22:18.818] [mlr3] Applying learner 'classif.ranger' on task 'pub_gz' (iter 1/10)
Growing trees.. Progress: 15%. Estimated remaining time: 2 minutes, 59 seconds.
Growing trees.. Progress: 31%. Estimated remaining time: 2 minutes, 20 seconds.
Growing trees.. Progress: 48%. Estimated remaining time: 1 minute, 42 seconds.
Growing trees.. Progress: 64%. Estimated remaining time: 1 minute, 8 seconds.
Growing trees.. Progress: 81%. Estimated remaining time: 36 seconds.
INFO  [10:25:38.049] [mlr3] Applying learner 'classif.ranger' on task 'pub_gz' (iter 2/10)
Growing trees.. Progress: 20%. Estimated remaining time: 2 minutes, 2 seconds.
Growing trees.. Progress: 38%. Estimated remaining time: 1 minute, 42 seconds.
Growing trees.. Progress: 54%. Estimated remaining time: 1 minute, 18 seconds.
Growing trees.. Progress: 72%. Estimated remaining time: 48 seconds.
Growing trees.. Progress: 91%. Estimated remaining time: 15 seconds.
INFO  [10:28:42.645] [mlr3] Applying learner 'classif.ranger' on task 'pub_gz' (iter 3/10)
Growing trees.. Progress: 16%. Estimated remaining time: 2 minutes, 44 seconds.
Growing trees.. Progress: 31%. Estimated remaining time: 2 minutes, 17 seconds.
Growing trees.. Progress: 46%. Estimated remaining time: 1 minute, 48 seconds.
Growing trees.. Progress: 66%. Estimated remaining time: 1 minute, 4 seconds.
Growing trees.. Progress: 82%. Estimated remaining time: 34 seconds.
Growing trees.. Progress: 97%. Estimated remaining time: 4 seconds.
INFO  [10:32:02.520] [mlr3] Applying learner 'classif.ranger' on task 'pub_gz' (iter 4/10)
Growing trees.. Progress: 15%. Estimated remaining time: 2 minutes, 50 seconds.
Growing trees.. Progress: 32%. Estimated remaining time: 2 minutes, 11 seconds.
Growing trees.. Progress: 48%. Estimated remaining time: 1 minute, 38 seconds.
Growing trees.. Progress: 64%. Estimated remaining time: 1 minute, 9 seconds.
Growing trees.. Progress: 80%. Estimated remaining time: 39 seconds.
Growing trees.. Progress: 94%. Estimated remaining time: 12 seconds.
INFO  [10:35:34.075] [mlr3] Applying learner 'classif.ranger' on task 'pub_gz' (iter 5/10)
Growing trees.. Progress: 16%. Estimated remaining time: 2 minutes, 37 seconds.
Growing trees.. Progress: 31%. Estimated remaining time: 2 minutes, 14 seconds.
Growing trees.. Progress: 46%. Estimated remaining time: 1 minute, 49 seconds.
Growing trees.. Progress: 60%. Estimated remaining time: 1 minute, 21 seconds.
Growing trees.. Progress: 75%. Estimated remaining time: 50 seconds.
Growing trees.. Progress: 92%. Estimated remaining time: 17 seconds.
INFO  [10:39:08.750] [mlr3] Applying learner 'classif.ranger' on task 'pub_gz' (iter 6/10)
Growing trees.. Progress: 15%. Estimated remaining time: 2 minutes, 52 seconds.
Growing trees.. Progress: 29%. Estimated remaining time: 2 minutes, 30 seconds.
Growing trees.. Progress: 44%. Estimated remaining time: 1 minute, 57 seconds.
Growing trees.. Progress: 60%. Estimated remaining time: 1 minute, 22 seconds.
Growing trees.. Progress: 76%. Estimated remaining time: 49 seconds.
Growing trees.. Progress: 91%. Estimated remaining time: 17 seconds.
INFO  [10:42:44.099] [mlr3] Applying learner 'classif.ranger' on task 'pub_gz' (iter 7/10)
Growing trees.. Progress: 14%. Estimated remaining time: 3 minutes, 16 seconds.
Growing trees.. Progress: 28%. Estimated remaining time: 2 minutes, 43 seconds.
Growing trees.. Progress: 42%. Estimated remaining time: 2 minutes, 10 seconds.
Growing trees.. Progress: 56%. Estimated remaining time: 1 minute, 38 seconds.
Growing trees.. Progress: 70%. Estimated remaining time: 1 minute, 6 seconds.
Growing trees.. Progress: 85%. Estimated remaining time: 33 seconds.
Growing trees.. Progress: 98%. Estimated remaining time: 3 seconds.
INFO  [10:46:36.514] [mlr3] Applying learner 'classif.ranger' on task 'pub_gz' (iter 8/10)
Growing trees.. Progress: 15%. Estimated remaining time: 3 minutes, 1 seconds.
Growing trees.. Progress: 29%. Estimated remaining time: 2 minutes, 34 seconds.
Growing trees.. Progress: 44%. Estimated remaining time: 2 minutes, 0 seconds.
Growing trees.. Progress: 58%. Estimated remaining time: 1 minute, 29 seconds.
Growing trees.. Progress: 73%. Estimated remaining time: 58 seconds.
Growing trees.. Progress: 88%. Estimated remaining time: 24 seconds.
INFO  [10:50:21.534] [mlr3] Applying learner 'classif.ranger' on task 'pub_gz' (iter 9/10)
Growing trees.. Progress: 13%. Estimated remaining time: 3 minutes, 20 seconds.
Growing trees.. Progress: 27%. Estimated remaining time: 2 minutes, 46 seconds.
Growing trees.. Progress: 42%. Estimated remaining time: 2 minutes, 8 seconds.
Growing trees.. Progress: 57%. Estimated remaining time: 1 minute, 34 seconds.
Growing trees.. Progress: 71%. Estimated remaining time: 1 minute, 1 seconds.
Growing trees.. Progress: 86%. Estimated remaining time: 30 seconds.
INFO  [10:54:07.901] [mlr3] Applying learner 'classif.ranger' on task 'pub_gz' (iter 10/10)
Growing trees.. Progress: 15%. Estimated remaining time: 2 minutes, 49 seconds.
Growing trees.. Progress: 30%. Estimated remaining time: 2 minutes, 24 seconds.
Growing trees.. Progress: 44%. Estimated remaining time: 1 minute, 56 seconds.
Growing trees.. Progress: 58%. Estimated remaining time: 1 minute, 29 seconds.
Growing trees.. Progress: 73%. Estimated remaining time: 56 seconds.
Growing trees.. Progress: 90%. Estimated remaining time: 21 seconds.
INFO  [10:57:48.593] [mlr3] Applying learner 'classif.ranger' on task 'pub_gz' (iter 1/10)
Growing trees.. Progress: 13%. Estimated remaining time: 3 minutes, 23 seconds.
Growing trees.. Progress: 27%. Estimated remaining time: 2 minutes, 51 seconds.
Growing trees.. Progress: 40%. Estimated remaining time: 2 minutes, 18 seconds.
Growing trees.. Progress: 54%. Estimated remaining time: 1 minute, 47 seconds.
Growing trees.. Progress: 67%. Estimated remaining time: 1 minute, 17 seconds.
Growing trees.. Progress: 80%. Estimated remaining time: 46 seconds.
Growing trees.. Progress: 94%. Estimated remaining time: 13 seconds.
INFO  [11:01:50.651] [mlr3] Applying learner 'classif.ranger' on task 'pub_gz' (iter 2/10)
Growing trees.. Progress: 14%. Estimated remaining time: 3 minutes, 16 seconds.
Growing trees.. Progress: 28%. Estimated remaining time: 2 minutes, 42 seconds.
Growing trees.. Progress: 41%. Estimated remaining time: 2 minutes, 12 seconds.
Growing trees.. Progress: 55%. Estimated remaining time: 1 minute, 41 seconds.
Growing trees.. Progress: 69%. Estimated remaining time: 1 minute, 9 seconds.
Growing trees.. Progress: 83%. Estimated remaining time: 38 seconds.
Growing trees.. Progress: 97%. Estimated remaining time: 6 seconds.
INFO  [11:05:44.743] [mlr3] Applying learner 'classif.ranger' on task 'pub_gz' (iter 3/10)
Growing trees.. Progress: 14%. Estimated remaining time: 3 minutes, 9 seconds.
Growing trees.. Progress: 28%. Estimated remaining time: 2 minutes, 39 seconds.
Growing trees.. Progress: 42%. Estimated remaining time: 2 minutes, 7 seconds.
Growing trees.. Progress: 57%. Estimated remaining time: 1 minute, 33 seconds.
Growing trees.. Progress: 71%. Estimated remaining time: 1 minute, 3 seconds.
Growing trees.. Progress: 85%. Estimated remaining time: 32 seconds.
Growing trees.. Progress: 99%. Estimated remaining time: 1 seconds.
INFO  [11:09:36.608] [mlr3] Applying learner 'classif.ranger' on task 'pub_gz' (iter 4/10)
Growing trees.. Progress: 14%. Estimated remaining time: 3 minutes, 8 seconds.
Growing trees.. Progress: 28%. Estimated remaining time: 2 minutes, 37 seconds.
Growing trees.. Progress: 43%. Estimated remaining time: 2 minutes, 1 seconds.
Growing trees.. Progress: 58%. Estimated remaining time: 1 minute, 31 seconds.
Growing trees.. Progress: 71%. Estimated remaining time: 1 minute, 2 seconds.
Growing trees.. Progress: 85%. Estimated remaining time: 32 seconds.
Growing trees.. Progress: 99%. Estimated remaining time: 1 seconds.
INFO  [11:13:27.846] [mlr3] Applying learner 'classif.ranger' on task 'pub_gz' (iter 5/10)
Growing trees.. Progress: 14%. Estimated remaining time: 3 minutes, 6 seconds.
Growing trees.. Progress: 28%. Estimated remaining time: 2 minutes, 37 seconds.
Growing trees.. Progress: 43%. Estimated remaining time: 2 minutes, 2 seconds.
Growing trees.. Progress: 58%. Estimated remaining time: 1 minute, 28 seconds.
Growing trees.. Progress: 73%. Estimated remaining time: 56 seconds.
Growing trees.. Progress: 89%. Estimated remaining time: 24 seconds.
INFO  [11:17:09.391] [mlr3] Applying learner 'classif.ranger' on task 'pub_gz' (iter 6/10)
Growing trees.. Progress: 15%. Estimated remaining time: 2 minutes, 49 seconds.
Growing trees.. Progress: 31%. Estimated remaining time: 2 minutes, 20 seconds.
Growing trees.. Progress: 46%. Estimated remaining time: 1 minute, 51 seconds.
Growing trees.. Progress: 62%. Estimated remaining time: 1 minute, 17 seconds.
Growing trees.. Progress: 76%. Estimated remaining time: 48 seconds.
Growing trees.. Progress: 91%. Estimated remaining time: 17 seconds.
INFO  [11:20:44.293] [mlr3] Applying learner 'classif.ranger' on task 'pub_gz' (iter 7/10)
Growing trees.. Progress: 16%. Estimated remaining time: 2 minutes, 48 seconds.
Growing trees.. Progress: 31%. Estimated remaining time: 2 minutes, 17 seconds.
Growing trees.. Progress: 47%. Estimated remaining time: 1 minute, 46 seconds.
Growing trees.. Progress: 62%. Estimated remaining time: 1 minute, 14 seconds.
Growing trees.. Progress: 78%. Estimated remaining time: 43 seconds.
Growing trees.. Progress: 93%. Estimated remaining time: 14 seconds.
INFO  [11:24:19.156] [mlr3] Applying learner 'classif.ranger' on task 'pub_gz' (iter 8/10)
Growing trees.. Progress: 15%. Estimated remaining time: 2 minutes, 55 seconds.
Growing trees.. Progress: 30%. Estimated remaining time: 2 minutes, 26 seconds.
Growing trees.. Progress: 45%. Estimated remaining time: 1 minute, 52 seconds.
Growing trees.. Progress: 61%. Estimated remaining time: 1 minute, 20 seconds.
Growing trees.. Progress: 76%. Estimated remaining time: 48 seconds.
Growing trees.. Progress: 91%. Estimated remaining time: 19 seconds.
INFO  [11:27:57.546] [mlr3] Applying learner 'classif.ranger' on task 'pub_gz' (iter 9/10)
Growing trees.. Progress: 15%. Estimated remaining time: 2 minutes, 51 seconds.
Growing trees.. Progress: 31%. Estimated remaining time: 2 minutes, 15 seconds.
Growing trees.. Progress: 48%. Estimated remaining time: 1 minute, 41 seconds.
Growing trees.. Progress: 64%. Estimated remaining time: 1 minute, 9 seconds.
Growing trees.. Progress: 80%. Estimated remaining time: 39 seconds.
Growing trees.. Progress: 95%. Estimated remaining time: 9 seconds.
INFO  [11:31:22.159] [mlr3] Applying learner 'classif.ranger' on task 'pub_gz' (iter 10/10)
Growing trees.. Progress: 15%. Estimated remaining time: 2 minutes, 53 seconds.
Growing trees.. Progress: 30%. Estimated remaining time: 2 minutes, 25 seconds.
Growing trees.. Progress: 45%. Estimated remaining time: 1 minute, 55 seconds.
Growing trees.. Progress: 61%. Estimated remaining time: 1 minute, 18 seconds.
Growing trees.. Progress: 78%. Estimated remaining time: 44 seconds.
Growing trees.. Progress: 95%. Estimated remaining time: 10 seconds.
INFO  [11:34:49.971] [mlr3] Applying learner 'classif.ranger' on task 'pub_gz' (iter 1/10)
Growing trees.. Progress: 15%. Estimated remaining time: 2 minutes, 51 seconds.
Growing trees.. Progress: 32%. Estimated remaining time: 2 minutes, 14 seconds.
Growing trees.. Progress: 48%. Estimated remaining time: 1 minute, 41 seconds.
Growing trees.. Progress: 64%. Estimated remaining time: 1 minute, 8 seconds.
Growing trees.. Progress: 80%. Estimated remaining time: 37 seconds.
Growing trees.. Progress: 96%. Estimated remaining time: 7 seconds.
INFO  [11:38:15.179] [mlr3] Applying learner 'classif.ranger' on task 'pub_gz' (iter 2/10)
Growing trees.. Progress: 16%. Estimated remaining time: 2 minutes, 37 seconds.
Growing trees.. Progress: 32%. Estimated remaining time: 2 minutes, 12 seconds.
Growing trees.. Progress: 47%. Estimated remaining time: 1 minute, 42 seconds.
Growing trees.. Progress: 63%. Estimated remaining time: 1 minute, 14 seconds.
Growing trees.. Progress: 78%. Estimated remaining time: 44 seconds.
Growing trees.. Progress: 93%. Estimated remaining time: 14 seconds.
INFO  [11:41:46.706] [mlr3] Applying learner 'classif.ranger' on task 'pub_gz' (iter 3/10)
Growing trees.. Progress: 16%. Estimated remaining time: 2 minutes, 39 seconds.
Growing trees.. Progress: 33%. Estimated remaining time: 2 minutes, 5 seconds.
Growing trees.. Progress: 50%. Estimated remaining time: 1 minute, 32 seconds.
Growing trees.. Progress: 66%. Estimated remaining time: 1 minute, 2 seconds.
Growing trees.. Progress: 82%. Estimated remaining time: 34 seconds.
Growing trees.. Progress: 98%. Estimated remaining time: 3 seconds.
INFO  [11:45:05.877] [mlr3] Applying learner 'classif.ranger' on task 'pub_gz' (iter 4/10)
Growing trees.. Progress: 15%. Estimated remaining time: 2 minutes, 58 seconds.
Growing trees.. Progress: 30%. Estimated remaining time: 2 minutes, 27 seconds.
Growing trees.. Progress: 44%. Estimated remaining time: 1 minute, 56 seconds.
Growing trees.. Progress: 60%. Estimated remaining time: 1 minute, 23 seconds.
Growing trees.. Progress: 76%. Estimated remaining time: 48 seconds.
Growing trees.. Progress: 92%. Estimated remaining time: 16 seconds.
INFO  [11:48:38.947] [mlr3] Applying learner 'classif.ranger' on task 'pub_gz' (iter 5/10)
Growing trees.. Progress: 15%. Estimated remaining time: 2 minutes, 53 seconds.
Growing trees.. Progress: 30%. Estimated remaining time: 2 minutes, 23 seconds.
Growing trees.. Progress: 44%. Estimated remaining time: 1 minute, 56 seconds.
Growing trees.. Progress: 59%. Estimated remaining time: 1 minute, 27 seconds.
Growing trees.. Progress: 73%. Estimated remaining time: 56 seconds.
Growing trees.. Progress: 88%. Estimated remaining time: 25 seconds.
INFO  [11:52:21.550] [mlr3] Applying learner 'classif.ranger' on task 'pub_gz' (iter 6/10)
Growing trees.. Progress: 15%. Estimated remaining time: 2 minutes, 53 seconds.
Growing trees.. Progress: 32%. Estimated remaining time: 2 minutes, 14 seconds.
Growing trees.. Progress: 47%. Estimated remaining time: 1 minute, 43 seconds.
Growing trees.. Progress: 64%. Estimated remaining time: 1 minute, 10 seconds.
Growing trees.. Progress: 80%. Estimated remaining time: 38 seconds.
Growing trees.. Progress: 97%. Estimated remaining time: 6 seconds.
INFO  [11:55:43.642] [mlr3] Applying learner 'classif.ranger' on task 'pub_gz' (iter 7/10)
Growing trees.. Progress: 17%. Estimated remaining time: 2 minutes, 35 seconds.
Growing trees.. Progress: 32%. Estimated remaining time: 2 minutes, 8 seconds.
Growing trees.. Progress: 48%. Estimated remaining time: 1 minute, 41 seconds.
Growing trees.. Progress: 63%. Estimated remaining time: 1 minute, 13 seconds.
Growing trees.. Progress: 77%. Estimated remaining time: 45 seconds.
Growing trees.. Progress: 92%. Estimated remaining time: 15 seconds.
INFO  [11:59:16.003] [mlr3] Applying learner 'classif.ranger' on task 'pub_gz' (iter 8/10)
Growing trees.. Progress: 16%. Estimated remaining time: 2 minutes, 46 seconds.
Growing trees.. Progress: 31%. Estimated remaining time: 2 minutes, 20 seconds.
Growing trees.. Progress: 47%. Estimated remaining time: 1 minute, 44 seconds.
Growing trees.. Progress: 63%. Estimated remaining time: 1 minute, 12 seconds.
Growing trees.. Progress: 80%. Estimated remaining time: 39 seconds.
Growing trees.. Progress: 96%. Estimated remaining time: 7 seconds.
INFO  [12:02:40.164] [mlr3] Applying learner 'classif.ranger' on task 'pub_gz' (iter 9/10)
Growing trees.. Progress: 17%. Estimated remaining time: 2 minutes, 34 seconds.
Growing trees.. Progress: 33%. Estimated remaining time: 2 minutes, 7 seconds.
Growing trees.. Progress: 49%. Estimated remaining time: 1 minute, 35 seconds.
Growing trees.. Progress: 66%. Estimated remaining time: 1 minute, 4 seconds.
Growing trees.. Progress: 82%. Estimated remaining time: 35 seconds.
Growing trees.. Progress: 98%. Estimated remaining time: 3 seconds.
INFO  [12:06:02.957] [mlr3] Applying learner 'classif.ranger' on task 'pub_gz' (iter 10/10)
Growing trees.. Progress: 14%. Estimated remaining time: 3 minutes, 4 seconds.
Growing trees.. Progress: 29%. Estimated remaining time: 2 minutes, 32 seconds.
Growing trees.. Progress: 44%. Estimated remaining time: 1 minute, 58 seconds.
Growing trees.. Progress: 59%. Estimated remaining time: 1 minute, 27 seconds.
Growing trees.. Progress: 73%. Estimated remaining time: 56 seconds.
Growing trees.. Progress: 88%. Estimated remaining time: 24 seconds.
INFO  [12:09:45.028] [mlr3] Applying learner 'classif.ranger' on task 'pub_gz' (iter 1/10)
Growing trees.. Progress: 16%. Estimated remaining time: 2 minutes, 40 seconds.
Growing trees.. Progress: 32%. Estimated remaining time: 2 minutes, 13 seconds.
Growing trees.. Progress: 47%. Estimated remaining time: 1 minute, 44 seconds.
Growing trees.. Progress: 61%. Estimated remaining time: 1 minute, 18 seconds.
Growing trees.. Progress: 76%. Estimated remaining time: 48 seconds.
Growing trees.. Progress: 90%. Estimated remaining time: 19 seconds.
INFO  [12:13:22.853] [mlr3] Applying learner 'classif.ranger' on task 'pub_gz' (iter 2/10)
Growing trees.. Progress: 16%. Estimated remaining time: 2 minutes, 39 seconds.
Growing trees.. Progress: 32%. Estimated remaining time: 2 minutes, 13 seconds.
Growing trees.. Progress: 47%. Estimated remaining time: 1 minute, 45 seconds.
Growing trees.. Progress: 62%. Estimated remaining time: 1 minute, 15 seconds.
Growing trees.. Progress: 79%. Estimated remaining time: 40 seconds.
Growing trees.. Progress: 96%. Estimated remaining time: 7 seconds.
INFO  [12:16:47.333] [mlr3] Applying learner 'classif.ranger' on task 'pub_gz' (iter 3/10)
Growing trees.. Progress: 17%. Estimated remaining time: 2 minutes, 28 seconds.
Growing trees.. Progress: 34%. Estimated remaining time: 2 minutes, 2 seconds.
Growing trees.. Progress: 50%. Estimated remaining time: 1 minute, 31 seconds.
Growing trees.. Progress: 67%. Estimated remaining time: 1 minute, 0 seconds.
Growing trees.. Progress: 84%. Estimated remaining time: 29 seconds.
Growing trees.. Progress: 100%. Estimated remaining time: 0 seconds.
INFO  [12:20:06.346] [mlr3] Applying learner 'classif.ranger' on task 'pub_gz' (iter 4/10)
Growing trees.. Progress: 15%. Estimated remaining time: 3 minutes, 2 seconds.
Growing trees.. Progress: 29%. Estimated remaining time: 2 minutes, 29 seconds.
Growing trees.. Progress: 45%. Estimated remaining time: 1 minute, 55 seconds.
Growing trees.. Progress: 60%. Estimated remaining time: 1 minute, 21 seconds.
Growing trees.. Progress: 76%. Estimated remaining time: 48 seconds.
Growing trees.. Progress: 92%. Estimated remaining time: 16 seconds.
INFO  [12:23:38.134] [mlr3] Applying learner 'classif.ranger' on task 'pub_gz' (iter 5/10)
Growing trees.. Progress: 16%. Estimated remaining time: 2 minutes, 43 seconds.
Growing trees.. Progress: 32%. Estimated remaining time: 2 minutes, 13 seconds.
Growing trees.. Progress: 47%. Estimated remaining time: 1 minute, 46 seconds.
Growing trees.. Progress: 63%. Estimated remaining time: 1 minute, 14 seconds.
Growing trees.. Progress: 78%. Estimated remaining time: 43 seconds.
Growing trees.. Progress: 94%. Estimated remaining time: 10 seconds.
INFO  [12:27:06.116] [mlr3] Applying learner 'classif.ranger' on task 'pub_gz' (iter 6/10)
Growing trees.. Progress: 16%. Estimated remaining time: 2 minutes, 41 seconds.
Growing trees.. Progress: 33%. Estimated remaining time: 2 minutes, 8 seconds.
Growing trees.. Progress: 49%. Estimated remaining time: 1 minute, 36 seconds.
Growing trees.. Progress: 66%. Estimated remaining time: 1 minute, 4 seconds.
Growing trees.. Progress: 83%. Estimated remaining time: 32 seconds.
Growing trees.. Progress: 99%. Estimated remaining time: 1 seconds.
INFO  [12:30:24.152] [mlr3] Applying learner 'classif.ranger' on task 'pub_gz' (iter 7/10)
Growing trees.. Progress: 16%. Estimated remaining time: 2 minutes, 43 seconds.
Growing trees.. Progress: 33%. Estimated remaining time: 2 minutes, 8 seconds.
Growing trees.. Progress: 49%. Estimated remaining time: 1 minute, 35 seconds.
Growing trees.. Progress: 66%. Estimated remaining time: 1 minute, 5 seconds.
Growing trees.. Progress: 82%. Estimated remaining time: 34 seconds.
Growing trees.. Progress: 98%. Estimated remaining time: 2 seconds.
INFO  [12:33:44.180] [mlr3] Applying learner 'classif.ranger' on task 'pub_gz' (iter 8/10)
Growing trees.. Progress: 17%. Estimated remaining time: 2 minutes, 35 seconds.
Growing trees.. Progress: 33%. Estimated remaining time: 2 minutes, 3 seconds.
Growing trees.. Progress: 50%. Estimated remaining time: 1 minute, 34 seconds.
Growing trees.. Progress: 65%. Estimated remaining time: 1 minute, 5 seconds.
Growing trees.. Progress: 81%. Estimated remaining time: 35 seconds.
Growing trees.. Progress: 97%. Estimated remaining time: 5 seconds.
INFO  [12:37:05.326] [mlr3] Applying learner 'classif.ranger' on task 'pub_gz' (iter 9/10)
Growing trees.. Progress: 15%. Estimated remaining time: 2 minutes, 59 seconds.
Growing trees.. Progress: 29%. Estimated remaining time: 2 minutes, 31 seconds.
Growing trees.. Progress: 44%. Estimated remaining time: 2 minutes, 0 seconds.
Growing trees.. Progress: 59%. Estimated remaining time: 1 minute, 26 seconds.
Growing trees.. Progress: 74%. Estimated remaining time: 54 seconds.
Growing trees.. Progress: 88%. Estimated remaining time: 24 seconds.
INFO  [12:40:46.970] [mlr3] Applying learner 'classif.ranger' on task 'pub_gz' (iter 10/10)
Growing trees.. Progress: 14%. Estimated remaining time: 3 minutes, 14 seconds.
Growing trees.. Progress: 28%. Estimated remaining time: 2 minutes, 37 seconds.
Growing trees.. Progress: 43%. Estimated remaining time: 2 minutes, 4 seconds.
Growing trees.. Progress: 58%. Estimated remaining time: 1 minute, 31 seconds.
Growing trees.. Progress: 72%. Estimated remaining time: 59 seconds.
Growing trees.. Progress: 87%. Estimated remaining time: 27 seconds.
INFO  [12:44:30.089] [mlr3] Applying learner 'classif.ranger' on task 'pub_gz' (iter 1/10)
Growing trees.. Progress: 15%. Estimated remaining time: 2 minutes, 49 seconds.
Growing trees.. Progress: 31%. Estimated remaining time: 2 minutes, 15 seconds.
Growing trees.. Progress: 47%. Estimated remaining time: 1 minute, 42 seconds.
Growing trees.. Progress: 64%. Estimated remaining time: 1 minute, 10 seconds.
Growing trees.. Progress: 80%. Estimated remaining time: 39 seconds.
Growing trees.. Progress: 96%. Estimated remaining time: 6 seconds.
INFO  [12:47:53.847] [mlr3] Applying learner 'classif.ranger' on task 'pub_gz' (iter 2/10)
Growing trees.. Progress: 16%. Estimated remaining time: 2 minutes, 38 seconds.
Growing trees.. Progress: 33%. Estimated remaining time: 2 minutes, 7 seconds.
Growing trees.. Progress: 50%. Estimated remaining time: 1 minute, 34 seconds.
Growing trees.. Progress: 66%. Estimated remaining time: 1 minute, 3 seconds.
Growing trees.. Progress: 83%. Estimated remaining time: 31 seconds.
INFO  [12:51:08.331] [mlr3] Applying learner 'classif.ranger' on task 'pub_gz' (iter 3/10)
Growing trees.. Progress: 17%. Estimated remaining time: 2 minutes, 28 seconds.
Growing trees.. Progress: 34%. Estimated remaining time: 1 minute, 58 seconds.
Growing trees.. Progress: 51%. Estimated remaining time: 1 minute, 29 seconds.
Growing trees.. Progress: 68%. Estimated remaining time: 59 seconds.
Growing trees.. Progress: 84%. Estimated remaining time: 28 seconds.
INFO  [12:54:21.136] [mlr3] Applying learner 'classif.ranger' on task 'pub_gz' (iter 4/10)
Growing trees.. Progress: 16%. Estimated remaining time: 2 minutes, 39 seconds.
Growing trees.. Progress: 33%. Estimated remaining time: 2 minutes, 5 seconds.
Growing trees.. Progress: 50%. Estimated remaining time: 1 minute, 33 seconds.
Growing trees.. Progress: 67%. Estimated remaining time: 1 minute, 1 seconds.
Growing trees.. Progress: 83%. Estimated remaining time: 30 seconds.
Growing trees.. Progress: 99%. Estimated remaining time: 1 seconds.
INFO  [12:57:37.312] [mlr3] Applying learner 'classif.ranger' on task 'pub_gz' (iter 5/10)
Growing trees.. Progress: 18%. Estimated remaining time: 2 minutes, 22 seconds.
Growing trees.. Progress: 34%. Estimated remaining time: 2 minutes, 0 seconds.
Growing trees.. Progress: 51%. Estimated remaining time: 1 minute, 29 seconds.
Growing trees.. Progress: 68%. Estimated remaining time: 58 seconds.
Growing trees.. Progress: 85%. Estimated remaining time: 27 seconds.
INFO  [13:00:50.233] [mlr3] Applying learner 'classif.ranger' on task 'pub_gz' (iter 6/10)
Growing trees.. Progress: 15%. Estimated remaining time: 2 minutes, 52 seconds.
Growing trees.. Progress: 31%. Estimated remaining time: 2 minutes, 19 seconds.
Growing trees.. Progress: 47%. Estimated remaining time: 1 minute, 45 seconds.
Growing trees.. Progress: 64%. Estimated remaining time: 1 minute, 9 seconds.
Growing trees.. Progress: 81%. Estimated remaining time: 37 seconds.
Growing trees.. Progress: 97%. Estimated remaining time: 5 seconds.
INFO  [13:04:09.021] [mlr3] Applying learner 'classif.ranger' on task 'pub_gz' (iter 7/10)
Growing trees.. Progress: 15%. Estimated remaining time: 2 minutes, 52 seconds.
Growing trees.. Progress: 32%. Estimated remaining time: 2 minutes, 13 seconds.
Growing trees.. Progress: 48%. Estimated remaining time: 1 minute, 40 seconds.
Growing trees.. Progress: 66%. Estimated remaining time: 1 minute, 5 seconds.
Growing trees.. Progress: 83%. Estimated remaining time: 31 seconds.
INFO  [13:07:23.333] [mlr3] Applying learner 'classif.ranger' on task 'pub_gz' (iter 8/10)
Growing trees.. Progress: 15%. Estimated remaining time: 2 minutes, 54 seconds.
Growing trees.. Progress: 30%. Estimated remaining time: 2 minutes, 26 seconds.
Growing trees.. Progress: 45%. Estimated remaining time: 1 minute, 54 seconds.
Growing trees.. Progress: 60%. Estimated remaining time: 1 minute, 22 seconds.
Growing trees.. Progress: 76%. Estimated remaining time: 50 seconds.
Growing trees.. Progress: 93%. Estimated remaining time: 14 seconds.
INFO  [13:10:54.978] [mlr3] Applying learner 'classif.ranger' on task 'pub_gz' (iter 9/10)
Growing trees.. Progress: 16%. Estimated remaining time: 2 minutes, 40 seconds.
Growing trees.. Progress: 32%. Estimated remaining time: 2 minutes, 9 seconds.
Growing trees.. Progress: 48%. Estimated remaining time: 1 minute, 39 seconds.
Growing trees.. Progress: 66%. Estimated remaining time: 1 minute, 4 seconds.
Growing trees.. Progress: 83%. Estimated remaining time: 32 seconds.
Growing trees.. Progress: 98%. Estimated remaining time: 3 seconds.
INFO  [13:14:17.194] [mlr3] Applying learner 'classif.ranger' on task 'pub_gz' (iter 10/10)
Growing trees.. Progress: 17%. Estimated remaining time: 2 minutes, 36 seconds.
Growing trees.. Progress: 33%. Estimated remaining time: 2 minutes, 6 seconds.
Growing trees.. Progress: 48%. Estimated remaining time: 1 minute, 38 seconds.
Growing trees.. Progress: 64%. Estimated remaining time: 1 minute, 10 seconds.
Growing trees.. Progress: 80%. Estimated remaining time: 39 seconds.
Growing trees.. Progress: 97%. Estimated remaining time: 6 seconds.
INFO  [13:17:40.643] [mlr3] Applying learner 'classif.ranger' on task 'pub_gz' (iter 1/10)
Growing trees.. Progress: 16%. Estimated remaining time: 2 minutes, 38 seconds.
Growing trees.. Progress: 31%. Estimated remaining time: 2 minutes, 15 seconds.
Growing trees.. Progress: 46%. Estimated remaining time: 1 minute, 49 seconds.
Growing trees.. Progress: 60%. Estimated remaining time: 1 minute, 21 seconds.
Growing trees.. Progress: 74%. Estimated remaining time: 53 seconds.
Growing trees.. Progress: 89%. Estimated remaining time: 23 seconds.
INFO  [13:21:21.105] [mlr3] Applying learner 'classif.ranger' on task 'pub_gz' (iter 2/10)
Growing trees.. Progress: 16%. Estimated remaining time: 2 minutes, 47 seconds.
Growing trees.. Progress: 32%. Estimated remaining time: 2 minutes, 11 seconds.
Growing trees.. Progress: 49%. Estimated remaining time: 1 minute, 37 seconds.
Growing trees.. Progress: 65%. Estimated remaining time: 1 minute, 7 seconds.
Growing trees.. Progress: 79%. Estimated remaining time: 40 seconds.
Growing trees.. Progress: 95%. Estimated remaining time: 10 seconds.
INFO  [13:24:49.864] [mlr3] Applying learner 'classif.ranger' on task 'pub_gz' (iter 3/10)
Growing trees.. Progress: 15%. Estimated remaining time: 2 minutes, 55 seconds.
Growing trees.. Progress: 30%. Estimated remaining time: 2 minutes, 27 seconds.
Growing trees.. Progress: 45%. Estimated remaining time: 1 minute, 55 seconds.
Growing trees.. Progress: 60%. Estimated remaining time: 1 minute, 23 seconds.
Growing trees.. Progress: 74%. Estimated remaining time: 53 seconds.
Growing trees.. Progress: 89%. Estimated remaining time: 22 seconds.
INFO  [13:28:32.238] [mlr3] Applying learner 'classif.ranger' on task 'pub_gz' (iter 4/10)
Growing trees.. Progress: 17%. Estimated remaining time: 2 minutes, 36 seconds.
Growing trees.. Progress: 33%. Estimated remaining time: 2 minutes, 4 seconds.
Growing trees.. Progress: 50%. Estimated remaining time: 1 minute, 34 seconds.
Growing trees.. Progress: 66%. Estimated remaining time: 1 minute, 4 seconds.
Growing trees.. Progress: 82%. Estimated remaining time: 34 seconds.
Growing trees.. Progress: 97%. Estimated remaining time: 6 seconds.
INFO  [13:31:56.054] [mlr3] Applying learner 'classif.ranger' on task 'pub_gz' (iter 5/10)
Growing trees.. Progress: 16%. Estimated remaining time: 2 minutes, 38 seconds.
Growing trees.. Progress: 32%. Estimated remaining time: 2 minutes, 11 seconds.
Growing trees.. Progress: 49%. Estimated remaining time: 1 minute, 37 seconds.
Growing trees.. Progress: 65%. Estimated remaining time: 1 minute, 5 seconds.
Growing trees.. Progress: 83%. Estimated remaining time: 32 seconds.
Growing trees.. Progress: 99%. Estimated remaining time: 2 seconds.
INFO  [13:35:16.744] [mlr3] Applying learner 'classif.ranger' on task 'pub_gz' (iter 6/10)
Growing trees.. Progress: 16%. Estimated remaining time: 2 minutes, 39 seconds.
Growing trees.. Progress: 33%. Estimated remaining time: 2 minutes, 3 seconds.
Growing trees.. Progress: 51%. Estimated remaining time: 1 minute, 30 seconds.
Growing trees.. Progress: 67%. Estimated remaining time: 1 minute, 2 seconds.
Growing trees.. Progress: 84%. Estimated remaining time: 29 seconds.
Growing trees.. Progress: 100%. Estimated remaining time: 0 seconds.
INFO  [13:38:35.425] [mlr3] Applying learner 'classif.ranger' on task 'pub_gz' (iter 7/10)
Growing trees.. Progress: 16%. Estimated remaining time: 2 minutes, 43 seconds.
Growing trees.. Progress: 32%. Estimated remaining time: 2 minutes, 12 seconds.
Growing trees.. Progress: 47%. Estimated remaining time: 1 minute, 44 seconds.
Growing trees.. Progress: 64%. Estimated remaining time: 1 minute, 10 seconds.
Growing trees.. Progress: 81%. Estimated remaining time: 36 seconds.
Growing trees.. Progress: 96%. Estimated remaining time: 8 seconds.
INFO  [13:42:00.022] [mlr3] Applying learner 'classif.ranger' on task 'pub_gz' (iter 8/10)
Growing trees.. Progress: 14%. Estimated remaining time: 3 minutes, 4 seconds.
Growing trees.. Progress: 29%. Estimated remaining time: 2 minutes, 33 seconds.
Growing trees.. Progress: 44%. Estimated remaining time: 2 minutes, 0 seconds.
Growing trees.. Progress: 58%. Estimated remaining time: 1 minute, 28 seconds.
Growing trees.. Progress: 75%. Estimated remaining time: 52 seconds.
Growing trees.. Progress: 90%. Estimated remaining time: 20 seconds.
INFO  [13:45:38.013] [mlr3] Applying learner 'classif.ranger' on task 'pub_gz' (iter 9/10)
Growing trees.. Progress: 14%. Estimated remaining time: 3 minutes, 5 seconds.
Growing trees.. Progress: 28%. Estimated remaining time: 2 minutes, 36 seconds.
Growing trees.. Progress: 42%. Estimated remaining time: 2 minutes, 6 seconds.
Growing trees.. Progress: 56%. Estimated remaining time: 1 minute, 36 seconds.
Growing trees.. Progress: 71%. Estimated remaining time: 1 minute, 3 seconds.
Growing trees.. Progress: 86%. Estimated remaining time: 31 seconds.
INFO  [13:49:25.331] [mlr3] Applying learner 'classif.ranger' on task 'pub_gz' (iter 10/10)
Growing trees.. Progress: 15%. Estimated remaining time: 2 minutes, 58 seconds.
Growing trees.. Progress: 31%. Estimated remaining time: 2 minutes, 15 seconds.
Growing trees.. Progress: 47%. Estimated remaining time: 1 minute, 42 seconds.
Growing trees.. Progress: 64%. Estimated remaining time: 1 minute, 9 seconds.
Growing trees.. Progress: 81%. Estimated remaining time: 35 seconds.
Growing trees.. Progress: 98%. Estimated remaining time: 3 seconds.
INFO  [13:52:49.139] [mlr3] Applying learner 'classif.ranger' on task 'pub_gz' (iter 1/10)
Growing trees.. Progress: 15%. Estimated remaining time: 2 minutes, 59 seconds.
Growing trees.. Progress: 30%. Estimated remaining time: 2 minutes, 26 seconds.
Growing trees.. Progress: 44%. Estimated remaining time: 1 minute, 58 seconds.
Growing trees.. Progress: 58%. Estimated remaining time: 1 minute, 30 seconds.
Growing trees.. Progress: 72%. Estimated remaining time: 59 seconds.
Growing trees.. Progress: 86%. Estimated remaining time: 30 seconds.
INFO  [13:56:35.562] [mlr3] Applying learner 'classif.ranger' on task 'pub_gz' (iter 2/10)
Growing trees.. Progress: 17%. Estimated remaining time: 2 minutes, 27 seconds.
Growing trees.. Progress: 35%. Estimated remaining time: 1 minute, 55 seconds.
Growing trees.. Progress: 50%. Estimated remaining time: 1 minute, 33 seconds.
Growing trees.. Progress: 65%. Estimated remaining time: 1 minute, 5 seconds.
Growing trees.. Progress: 81%. Estimated remaining time: 37 seconds.
Growing trees.. Progress: 97%. Estimated remaining time: 5 seconds.
INFO  [14:00:00.747] [mlr3] Applying learner 'classif.ranger' on task 'pub_gz' (iter 3/10)
Growing trees.. Progress: 16%. Estimated remaining time: 2 minutes, 36 seconds.
Growing trees.. Progress: 33%. Estimated remaining time: 2 minutes, 6 seconds.
Growing trees.. Progress: 49%. Estimated remaining time: 1 minute, 35 seconds.
Growing trees.. Progress: 66%. Estimated remaining time: 1 minute, 4 seconds.
Growing trees.. Progress: 82%. Estimated remaining time: 33 seconds.
Growing trees.. Progress: 99%. Estimated remaining time: 1 seconds.
INFO  [14:03:18.771] [mlr3] Applying learner 'classif.ranger' on task 'pub_gz' (iter 4/10)
Growing trees.. Progress: 17%. Estimated remaining time: 2 minutes, 30 seconds.
Growing trees.. Progress: 32%. Estimated remaining time: 2 minutes, 11 seconds.
Growing trees.. Progress: 47%. Estimated remaining time: 1 minute, 45 seconds.
Growing trees.. Progress: 62%. Estimated remaining time: 1 minute, 16 seconds.
Growing trees.. Progress: 77%. Estimated remaining time: 47 seconds.
Growing trees.. Progress: 92%. Estimated remaining time: 16 seconds.
INFO  [14:06:55.337] [mlr3] Applying learner 'classif.ranger' on task 'pub_gz' (iter 5/10)
Growing trees.. Progress: 15%. Estimated remaining time: 3 minutes, 1 seconds.
Growing trees.. Progress: 29%. Estimated remaining time: 2 minutes, 33 seconds.
Growing trees.. Progress: 43%. Estimated remaining time: 2 minutes, 1 seconds.
Growing trees.. Progress: 58%. Estimated remaining time: 1 minute, 28 seconds.
Growing trees.. Progress: 74%. Estimated remaining time: 53 seconds.
Growing trees.. Progress: 89%. Estimated remaining time: 22 seconds.
INFO  [14:10:31.150] [mlr3] Applying learner 'classif.ranger' on task 'pub_gz' (iter 6/10)
Growing trees.. Progress: 15%. Estimated remaining time: 2 minutes, 54 seconds.
Growing trees.. Progress: 30%. Estimated remaining time: 2 minutes, 26 seconds.
Growing trees.. Progress: 45%. Estimated remaining time: 1 minute, 53 seconds.
Growing trees.. Progress: 62%. Estimated remaining time: 1 minute, 16 seconds.
Growing trees.. Progress: 78%. Estimated remaining time: 43 seconds.
Growing trees.. Progress: 94%. Estimated remaining time: 11 seconds.
INFO  [14:13:58.779] [mlr3] Applying learner 'classif.ranger' on task 'pub_gz' (iter 7/10)
Growing trees.. Progress: 15%. Estimated remaining time: 2 minutes, 52 seconds.
Growing trees.. Progress: 30%. Estimated remaining time: 2 minutes, 25 seconds.
Growing trees.. Progress: 45%. Estimated remaining time: 1 minute, 55 seconds.
Growing trees.. Progress: 60%. Estimated remaining time: 1 minute, 24 seconds.
Growing trees.. Progress: 74%. Estimated remaining time: 53 seconds.
Growing trees.. Progress: 89%. Estimated remaining time: 22 seconds.
INFO  [14:17:40.838] [mlr3] Applying learner 'classif.ranger' on task 'pub_gz' (iter 8/10)
Growing trees.. Progress: 16%. Estimated remaining time: 2 minutes, 38 seconds.
Growing trees.. Progress: 34%. Estimated remaining time: 2 minutes, 2 seconds.
Growing trees.. Progress: 51%. Estimated remaining time: 1 minute, 28 seconds.
Growing trees.. Progress: 68%. Estimated remaining time: 57 seconds.
Growing trees.. Progress: 86%. Estimated remaining time: 26 seconds.
INFO  [14:20:51.501] [mlr3] Applying learner 'classif.ranger' on task 'pub_gz' (iter 9/10)
Growing trees.. Progress: 17%. Estimated remaining time: 2 minutes, 36 seconds.
Growing trees.. Progress: 33%. Estimated remaining time: 2 minutes, 3 seconds.
Growing trees.. Progress: 49%. Estimated remaining time: 1 minute, 35 seconds.
Growing trees.. Progress: 65%. Estimated remaining time: 1 minute, 6 seconds.
Growing trees.. Progress: 81%. Estimated remaining time: 36 seconds.
Growing trees.. Progress: 98%. Estimated remaining time: 3 seconds.
INFO  [14:24:12.925] [mlr3] Applying learner 'classif.ranger' on task 'pub_gz' (iter 10/10)
Growing trees.. Progress: 14%. Estimated remaining time: 3 minutes, 6 seconds.
Growing trees.. Progress: 29%. Estimated remaining time: 2 minutes, 34 seconds.
Growing trees.. Progress: 44%. Estimated remaining time: 2 minutes, 0 seconds.
Growing trees.. Progress: 58%. Estimated remaining time: 1 minute, 28 seconds.
Growing trees.. Progress: 73%. Estimated remaining time: 57 seconds.
Growing trees.. Progress: 87%. Estimated remaining time: 27 seconds.
           [,1]
 [1,] 0.8224496
 [2,] 0.8231458
 [3,] 0.8222316
 [4,] 0.8202795
 [5,] 0.8190977
 [6,] 0.8210085
 [7,] 0.8211209
 [8,] 0.8191385
 [9,] 0.8216838
[10,] 0.8238229
   Min. 1st Qu.  Median    Mean 3rd Qu.    Max. 
 0.8191  0.8205  0.8214  0.8214  0.8224  0.8238 
Warning message:
Ignoring unknown parameters: linewidth 
Saving 7 x 7 in image
Saving 7 x 7 in image
Saving 7 x 7 in image
